<?xml version="1.0" encoding="UTF-8"?>
<testsuite xmlns:xsi="http://www.w3.org/2001/XMLSchema-instance" xsi:noNamespaceSchemaLocation="https://maven.apache.org/surefire/maven-surefire-plugin/xsd/surefire-test-report-3.0.xsd" version="3.0" name="testRunner.OperaTest" time="583.32" tests="41" errors="1" skipped="0" failures="0">
  <properties>
    <property name="sun.desktop" value="windows"/>
    <property name="awt.toolkit" value="sun.awt.windows.WToolkit"/>
    <property name="java.specification.version" value="11"/>
    <property name="webdriver.chrome.driver" value="C:\Users\SatishKumar\.cache\selenium\chromedriver\win32\97.0.4692.71\chromedriver.exe"/>
    <property name="sun.cpu.isalist" value="amd64"/>
    <property name="sun.jnu.encoding" value="Cp1252"/>
    <property name="java.class.path" value="C:\Users\SatishKumar\eclipse-workspace\TestScenarios\target\test-classes;C:\Users\SatishKumar\eclipse-workspace\TestScenarios\target\classes;C:\Users\SatishKumar\.m2\repository\org\seleniumhq\selenium\selenium-java\4.1.1\selenium-java-4.1.1.jar;C:\Users\SatishKumar\.m2\repository\org\seleniumhq\selenium\selenium-api\4.1.1\selenium-api-4.1.1.jar;C:\Users\SatishKumar\.m2\repository\org\seleniumhq\selenium\selenium-chrome-driver\4.1.1\selenium-chrome-driver-4.1.1.jar;C:\Users\SatishKumar\.m2\repository\com\google\auto\service\auto-service-annotations\1.0.1\auto-service-annotations-1.0.1.jar;C:\Users\SatishKumar\.m2\repository\com\google\auto\service\auto-service\1.0.1\auto-service-1.0.1.jar;C:\Users\SatishKumar\.m2\repository\com\google\auto\auto-common\1.2\auto-common-1.2.jar;C:\Users\SatishKumar\.m2\repository\org\seleniumhq\selenium\selenium-chromium-driver\4.1.1\selenium-chromium-driver-4.1.1.jar;C:\Users\SatishKumar\.m2\repository\org\seleniumhq\selenium\selenium-json\4.1.1\selenium-json-4.1.1.jar;C:\Users\SatishKumar\.m2\repository\org\seleniumhq\selenium\selenium-devtools-v85\4.1.1\selenium-devtools-v85-4.1.1.jar;C:\Users\SatishKumar\.m2\repository\org\seleniumhq\selenium\selenium-devtools-v94\4.1.1\selenium-devtools-v94-4.1.1.jar;C:\Users\SatishKumar\.m2\repository\org\seleniumhq\selenium\selenium-devtools-v95\4.1.1\selenium-devtools-v95-4.1.1.jar;C:\Users\SatishKumar\.m2\repository\org\seleniumhq\selenium\selenium-devtools-v96\4.1.1\selenium-devtools-v96-4.1.1.jar;C:\Users\SatishKumar\.m2\repository\org\seleniumhq\selenium\selenium-edge-driver\4.1.1\selenium-edge-driver-4.1.1.jar;C:\Users\SatishKumar\.m2\repository\org\seleniumhq\selenium\selenium-firefox-driver\4.1.1\selenium-firefox-driver-4.1.1.jar;C:\Users\SatishKumar\.m2\repository\org\seleniumhq\selenium\selenium-firefox-xpi-driver\4.1.1\selenium-firefox-xpi-driver-4.1.1.jar;C:\Users\SatishKumar\.m2\repository\org\seleniumhq\selenium\selenium-ie-driver\4.1.1\selenium-ie-driver-4.1.1.jar;C:\Users\SatishKumar\.m2\repository\org\seleniumhq\selenium\selenium-opera-driver\4.1.1\selenium-opera-driver-4.1.1.jar;C:\Users\SatishKumar\.m2\repository\org\seleniumhq\selenium\selenium-remote-driver\4.1.1\selenium-remote-driver-4.1.1.jar;C:\Users\SatishKumar\.m2\repository\com\beust\jcommander\1.81\jcommander-1.81.jar;C:\Users\SatishKumar\.m2\repository\io\netty\netty-buffer\4.1.70.Final\netty-buffer-4.1.70.Final.jar;C:\Users\SatishKumar\.m2\repository\io\netty\netty-codec-http\4.1.70.Final\netty-codec-http-4.1.70.Final.jar;C:\Users\SatishKumar\.m2\repository\io\netty\netty-codec\4.1.70.Final\netty-codec-4.1.70.Final.jar;C:\Users\SatishKumar\.m2\repository\io\netty\netty-handler\4.1.70.Final\netty-handler-4.1.70.Final.jar;C:\Users\SatishKumar\.m2\repository\io\netty\netty-common\4.1.70.Final\netty-common-4.1.70.Final.jar;C:\Users\SatishKumar\.m2\repository\io\netty\netty-transport-classes-epoll\4.1.70.Final\netty-transport-classes-epoll-4.1.70.Final.jar;C:\Users\SatishKumar\.m2\repository\io\netty\netty-transport-classes-kqueue\4.1.70.Final\netty-transport-classes-kqueue-4.1.70.Final.jar;C:\Users\SatishKumar\.m2\repository\io\netty\netty-transport-native-unix-common\4.1.70.Final\netty-transport-native-unix-common-4.1.70.Final.jar;C:\Users\SatishKumar\.m2\repository\io\netty\netty-transport\4.1.70.Final\netty-transport-4.1.70.Final.jar;C:\Users\SatishKumar\.m2\repository\io\netty\netty-resolver\4.1.70.Final\netty-resolver-4.1.70.Final.jar;C:\Users\SatishKumar\.m2\repository\io\opentelemetry\opentelemetry-api\1.9.1\opentelemetry-api-1.9.1.jar;C:\Users\SatishKumar\.m2\repository\io\opentelemetry\opentelemetry-context\1.9.1\opentelemetry-context-1.9.1.jar;C:\Users\SatishKumar\.m2\repository\io\opentelemetry\opentelemetry-exporter-logging\1.9.1\opentelemetry-exporter-logging-1.9.1.jar;C:\Users\SatishKumar\.m2\repository\io\opentelemetry\opentelemetry-sdk-metrics\1.9.1-alpha\opentelemetry-sdk-metrics-1.9.1-alpha.jar;C:\Users\SatishKumar\.m2\repository\io\opentelemetry\opentelemetry-sdk-logs\1.9.1-alpha\opentelemetry-sdk-logs-1.9.1-alpha.jar;C:\Users\SatishKumar\.m2\repository\io\opentelemetry\opentelemetry-sdk-common\1.9.1\opentelemetry-sdk-common-1.9.1.jar;C:\Users\SatishKumar\.m2\repository\io\opentelemetry\opentelemetry-sdk-extension-autoconfigure-spi\1.9.1\opentelemetry-sdk-extension-autoconfigure-spi-1.9.1.jar;C:\Users\SatishKumar\.m2\repository\io\opentelemetry\opentelemetry-sdk-extension-autoconfigure\1.9.1-alpha\opentelemetry-sdk-extension-autoconfigure-1.9.1-alpha.jar;C:\Users\SatishKumar\.m2\repository\io\opentelemetry\opentelemetry-sdk-trace\1.9.1\opentelemetry-sdk-trace-1.9.1.jar;C:\Users\SatishKumar\.m2\repository\io\opentelemetry\opentelemetry-api-metrics\1.9.1-alpha\opentelemetry-api-metrics-1.9.1-alpha.jar;C:\Users\SatishKumar\.m2\repository\io\opentelemetry\opentelemetry-sdk\1.9.1\opentelemetry-sdk-1.9.1.jar;C:\Users\SatishKumar\.m2\repository\io\opentelemetry\opentelemetry-semconv\1.9.1-alpha\opentelemetry-semconv-1.9.1-alpha.jar;C:\Users\SatishKumar\.m2\repository\io\ous\jtoml\2.0.0\jtoml-2.0.0.jar;C:\Users\SatishKumar\.m2\repository\net\bytebuddy\byte-buddy\1.12.2\byte-buddy-1.12.2.jar;C:\Users\SatishKumar\.m2\repository\org\apache\commons\commons-exec\1.3\commons-exec-1.3.jar;C:\Users\SatishKumar\.m2\repository\org\asynchttpclient\async-http-client\2.12.3\async-http-client-2.12.3.jar;C:\Users\SatishKumar\.m2\repository\org\asynchttpclient\async-http-client-netty-utils\2.12.3\async-http-client-netty-utils-2.12.3.jar;C:\Users\SatishKumar\.m2\repository\io\netty\netty-codec-socks\4.1.60.Final\netty-codec-socks-4.1.60.Final.jar;C:\Users\SatishKumar\.m2\repository\io\netty\netty-handler-proxy\4.1.60.Final\netty-handler-proxy-4.1.60.Final.jar;C:\Users\SatishKumar\.m2\repository\io\netty\netty-transport-native-epoll\4.1.60.Final\netty-transport-native-epoll-4.1.60.Final-linux-x86_64.jar;C:\Users\SatishKumar\.m2\repository\io\netty\netty-transport-native-kqueue\4.1.60.Final\netty-transport-native-kqueue-4.1.60.Final-osx-x86_64.jar;C:\Users\SatishKumar\.m2\repository\org\reactivestreams\reactive-streams\1.0.3\reactive-streams-1.0.3.jar;C:\Users\SatishKumar\.m2\repository\com\typesafe\netty\netty-reactive-streams\2.0.4\netty-reactive-streams-2.0.4.jar;C:\Users\SatishKumar\.m2\repository\com\sun\activation\jakarta.activation\1.2.2\jakarta.activation-1.2.2.jar;C:\Users\SatishKumar\.m2\repository\org\seleniumhq\selenium\selenium-http\4.1.1\selenium-http-4.1.1.jar;C:\Users\SatishKumar\.m2\repository\net\jodah\failsafe\2.4.4\failsafe-2.4.4.jar;C:\Users\SatishKumar\.m2\repository\org\seleniumhq\selenium\selenium-safari-driver\4.1.1\selenium-safari-driver-4.1.1.jar;C:\Users\SatishKumar\.m2\repository\org\seleniumhq\selenium\selenium-support\4.1.1\selenium-support-4.1.1.jar;C:\Users\SatishKumar\.m2\repository\io\cucumber\cucumber-java\7.1.0\cucumber-java-7.1.0.jar;C:\Users\SatishKumar\.m2\repository\org\apiguardian\apiguardian-api\1.1.2\apiguardian-api-1.1.2.jar;C:\Users\SatishKumar\.m2\repository\io\cucumber\cucumber-junit\7.1.0\cucumber-junit-7.1.0.jar;C:\Users\SatishKumar\.m2\repository\io\cucumber\cucumber-core\7.1.0\cucumber-core-7.1.0.jar;C:\Users\SatishKumar\.m2\repository\io\cucumber\cucumber-gherkin\7.1.0\cucumber-gherkin-7.1.0.jar;C:\Users\SatishKumar\.m2\repository\io\cucumber\cucumber-gherkin-messages\7.1.0\cucumber-gherkin-messages-7.1.0.jar;C:\Users\SatishKumar\.m2\repository\io\cucumber\messages\17.1.1\messages-17.1.1.jar;C:\Users\SatishKumar\.m2\repository\io\cucumber\tag-expressions\4.1.0\tag-expressions-4.1.0.jar;C:\Users\SatishKumar\.m2\repository\io\cucumber\cucumber-expressions\13.0.1\cucumber-expressions-13.0.1.jar;C:\Users\SatishKumar\.m2\repository\io\cucumber\datatable\7.1.0\datatable-7.1.0.jar;C:\Users\SatishKumar\.m2\repository\io\cucumber\cucumber-plugin\7.1.0\cucumber-plugin-7.1.0.jar;C:\Users\SatishKumar\.m2\repository\io\cucumber\docstring\7.1.0\docstring-7.1.0.jar;C:\Users\SatishKumar\.m2\repository\io\cucumber\html-formatter\17.0.0\html-formatter-17.0.0.jar;C:\Users\SatishKumar\.m2\repository\io\cucumber\create-meta\6.0.4\create-meta-6.0.4.jar;C:\Users\SatishKumar\.m2\repository\io\github\bonigarcia\webdrivermanager\5.0.3\webdrivermanager-5.0.3.jar;C:\Users\SatishKumar\.m2\repository\org\slf4j\slf4j-api\1.7.32\slf4j-api-1.7.32.jar;C:\Users\SatishKumar\.m2\repository\com\google\code\gson\gson\2.8.8\gson-2.8.8.jar;C:\Users\SatishKumar\.m2\repository\org\jsoup\jsoup\1.14.2\jsoup-1.14.2.jar;C:\Users\SatishKumar\.m2\repository\com\github\docker-java\docker-java\3.2.12\docker-java-3.2.12.jar;C:\Users\SatishKumar\.m2\repository\com\github\docker-java\docker-java-core\3.2.12\docker-java-core-3.2.12.jar;C:\Users\SatishKumar\.m2\repository\com\github\docker-java\docker-java-api\3.2.12\docker-java-api-3.2.12.jar;C:\Users\SatishKumar\.m2\repository\com\fasterxml\jackson\core\jackson-annotations\2.10.3\jackson-annotations-2.10.3.jar;C:\Users\SatishKumar\.m2\repository\commons-lang\commons-lang\2.6\commons-lang-2.6.jar;C:\Users\SatishKumar\.m2\repository\com\fasterxml\jackson\core\jackson-databind\2.10.3\jackson-databind-2.10.3.jar;C:\Users\SatishKumar\.m2\repository\com\fasterxml\jackson\core\jackson-core\2.10.3\jackson-core-2.10.3.jar;C:\Users\SatishKumar\.m2\repository\org\bouncycastle\bcpkix-jdk15on\1.64\bcpkix-jdk15on-1.64.jar;C:\Users\SatishKumar\.m2\repository\org\bouncycastle\bcprov-jdk15on\1.64\bcprov-jdk15on-1.64.jar;C:\Users\SatishKumar\.m2\repository\org\slf4j\jcl-over-slf4j\1.7.30\jcl-over-slf4j-1.7.30.jar;C:\Users\SatishKumar\.m2\repository\com\github\docker-java\docker-java-transport-httpclient5\3.2.12\docker-java-transport-httpclient5-3.2.12.jar;C:\Users\SatishKumar\.m2\repository\com\github\docker-java\docker-java-transport\3.2.12\docker-java-transport-3.2.12.jar;C:\Users\SatishKumar\.m2\repository\org\apache\httpcomponents\client5\httpclient5\5.0.3\httpclient5-5.0.3.jar;C:\Users\SatishKumar\.m2\repository\org\apache\httpcomponents\core5\httpcore5\5.0.2\httpcore5-5.0.2.jar;C:\Users\SatishKumar\.m2\repository\net\java\dev\jna\jna\5.8.0\jna-5.8.0.jar;C:\Users\SatishKumar\.m2\repository\com\google\guava\guava\30.1.1-jre\guava-30.1.1-jre.jar;C:\Users\SatishKumar\.m2\repository\com\google\guava\failureaccess\1.0.1\failureaccess-1.0.1.jar;C:\Users\SatishKumar\.m2\repository\com\google\guava\listenablefuture\9999.0-empty-to-avoid-conflict-with-guava\listenablefuture-9999.0-empty-to-avoid-conflict-with-guava.jar;C:\Users\SatishKumar\.m2\repository\com\google\code\findbugs\jsr305\3.0.2\jsr305-3.0.2.jar;C:\Users\SatishKumar\.m2\repository\org\checkerframework\checker-qual\3.8.0\checker-qual-3.8.0.jar;C:\Users\SatishKumar\.m2\repository\com\google\errorprone\error_prone_annotations\2.5.1\error_prone_annotations-2.5.1.jar;C:\Users\SatishKumar\.m2\repository\com\google\j2objc\j2objc-annotations\1.3\j2objc-annotations-1.3.jar;C:\Users\SatishKumar\.m2\repository\org\brotli\dec\0.1.2\dec-0.1.2.jar;C:\Users\SatishKumar\.m2\repository\org\apache\poi\poi-ooxml\5.1.0\poi-ooxml-5.1.0.jar;C:\Users\SatishKumar\.m2\repository\org\apache\poi\poi-ooxml-lite\5.1.0\poi-ooxml-lite-5.1.0.jar;C:\Users\SatishKumar\.m2\repository\org\apache\xmlbeans\xmlbeans\5.0.2\xmlbeans-5.0.2.jar;C:\Users\SatishKumar\.m2\repository\org\apache\commons\commons-compress\1.21\commons-compress-1.21.jar;C:\Users\SatishKumar\.m2\repository\commons-io\commons-io\2.11.0\commons-io-2.11.0.jar;C:\Users\SatishKumar\.m2\repository\com\github\virtuald\curvesapi\1.06\curvesapi-1.06.jar;C:\Users\SatishKumar\.m2\repository\org\apache\logging\log4j\log4j-api\2.14.1\log4j-api-2.14.1.jar;C:\Users\SatishKumar\.m2\repository\org\apache\commons\commons-collections4\4.4\commons-collections4-4.4.jar;C:\Users\SatishKumar\.m2\repository\org\apache\poi\poi\5.1.0\poi-5.1.0.jar;C:\Users\SatishKumar\.m2\repository\commons-codec\commons-codec\1.15\commons-codec-1.15.jar;C:\Users\SatishKumar\.m2\repository\org\apache\commons\commons-math3\3.6.1\commons-math3-3.6.1.jar;C:\Users\SatishKumar\.m2\repository\com\zaxxer\SparseBitSet\1.2\SparseBitSet-1.2.jar;C:\Users\SatishKumar\.m2\repository\tech\grasshopper\extentreports-cucumber7-adapter\1.1.0\extentreports-cucumber7-adapter-1.1.0.jar;C:\Users\SatishKumar\.m2\repository\com\aventstack\extentreports\5.0.8\extentreports-5.0.8.jar;C:\Users\SatishKumar\.m2\repository\io\reactivex\rxjava3\rxjava\3.0.4\rxjava-3.0.4.jar;C:\Users\SatishKumar\.m2\repository\org\freemarker\freemarker\2.3.30\freemarker-2.3.30.jar;C:\Users\SatishKumar\.m2\repository\org\projectlombok\lombok\1.18.12\lombok-1.18.12.jar;C:\Users\SatishKumar\.m2\repository\tech\grasshopper\extent-pdf-report\1.7.4\extent-pdf-report-1.7.4.jar;C:\Users\SatishKumar\.m2\repository\tech\grasshopper\cucumber-pdf-report\2.2.4\cucumber-pdf-report-2.2.4.jar;C:\Users\SatishKumar\.m2\repository\org\apache\pdfbox\pdfbox\2.0.22\pdfbox-2.0.22.jar;C:\Users\SatishKumar\.m2\repository\org\apache\pdfbox\fontbox\2.0.22\fontbox-2.0.22.jar;C:\Users\SatishKumar\.m2\repository\org\knowm\xchart\xchart\3.8.0\xchart-3.8.0.jar;C:\Users\SatishKumar\.m2\repository\de\erichseifert\vectorgraphics2d\VectorGraphics2D\0.13\VectorGraphics2D-0.13.jar;C:\Users\SatishKumar\.m2\repository\de\rototor\pdfbox\graphics2d\0.30\graphics2d-0.30.jar;C:\Users\SatishKumar\.m2\repository\com\madgag\animated-gif-lib\1.4\animated-gif-lib-1.4.jar;C:\Users\SatishKumar\.m2\repository\org\yaml\snakeyaml\1.28\snakeyaml-1.28.jar;C:\Users\SatishKumar\.m2\repository\tech\grasshopper\table-layout\1.2.0\table-layout-1.2.0.jar;C:\Users\SatishKumar\.m2\repository\com\aventstack\klov-reporter\5.0.8\klov-reporter-5.0.8.jar;C:\Users\SatishKumar\.m2\repository\org\mongodb\mongodb-driver\3.6.4\mongodb-driver-3.6.4.jar;C:\Users\SatishKumar\.m2\repository\org\mongodb\mongodb-driver-core\3.6.4\mongodb-driver-core-3.6.4.jar;C:\Users\SatishKumar\.m2\repository\org\mongodb\bson\3.6.4\bson-3.6.4.jar;C:\Users\SatishKumar\.m2\repository\org\apache\httpcomponents\httpclient\4.5.2\httpclient-4.5.2.jar;C:\Users\SatishKumar\.m2\repository\org\apache\httpcomponents\httpcore\4.4.4\httpcore-4.4.4.jar;C:\Users\SatishKumar\.m2\repository\commons-logging\commons-logging\1.2\commons-logging-1.2.jar;C:\Users\SatishKumar\.m2\repository\org\apache\httpcomponents\httpmime\4.5.2\httpmime-4.5.2.jar;C:\Users\SatishKumar\.m2\repository\junit\junit\4.13.2\junit-4.13.2.jar;C:\Users\SatishKumar\.m2\repository\org\hamcrest\hamcrest-core\1.3\hamcrest-core-1.3.jar;"/>
    <property name="sun.awt.enableExtraMouseButtons" value="true"/>
    <property name="java.vm.vendor" value="Oracle Corporation"/>
    <property name="sun.arch.data.model" value="64"/>
    <property name="user.variant" value=""/>
    <property name="java.vendor.url" value="https://openjdk.java.net/"/>
    <property name="user.timezone" value="Asia/Calcutta"/>
    <property name="java.vm.specification.version" value="11"/>
    <property name="os.name" value="Windows 10"/>
    <property name="sun.java.launcher" value="SUN_STANDARD"/>
    <property name="user.country" value="IN"/>
    <property name="sun.boot.library.path" value="C:\Program Files\Java\jdk-11.0.12\bin"/>
    <property name="sun.java.command" value="C:\Users\SatishKumar\AppData\Local\Temp\surefire11297721631283237667\surefirebooter3599724713178020956.jar C:\Users\SatishKumar\AppData\Local\Temp\surefire11297721631283237667 2022-01-25T19-31-46_954-jvmRun1 surefire15362999734320947347tmp surefire_07625892815224508166tmp"/>
    <property name="jdk.debug" value="release"/>
    <property name="surefire.test.class.path" value="C:\Users\SatishKumar\eclipse-workspace\TestScenarios\target\test-classes;C:\Users\SatishKumar\eclipse-workspace\TestScenarios\target\classes;C:\Users\SatishKumar\.m2\repository\org\seleniumhq\selenium\selenium-java\4.1.1\selenium-java-4.1.1.jar;C:\Users\SatishKumar\.m2\repository\org\seleniumhq\selenium\selenium-api\4.1.1\selenium-api-4.1.1.jar;C:\Users\SatishKumar\.m2\repository\org\seleniumhq\selenium\selenium-chrome-driver\4.1.1\selenium-chrome-driver-4.1.1.jar;C:\Users\SatishKumar\.m2\repository\com\google\auto\service\auto-service-annotations\1.0.1\auto-service-annotations-1.0.1.jar;C:\Users\SatishKumar\.m2\repository\com\google\auto\service\auto-service\1.0.1\auto-service-1.0.1.jar;C:\Users\SatishKumar\.m2\repository\com\google\auto\auto-common\1.2\auto-common-1.2.jar;C:\Users\SatishKumar\.m2\repository\org\seleniumhq\selenium\selenium-chromium-driver\4.1.1\selenium-chromium-driver-4.1.1.jar;C:\Users\SatishKumar\.m2\repository\org\seleniumhq\selenium\selenium-json\4.1.1\selenium-json-4.1.1.jar;C:\Users\SatishKumar\.m2\repository\org\seleniumhq\selenium\selenium-devtools-v85\4.1.1\selenium-devtools-v85-4.1.1.jar;C:\Users\SatishKumar\.m2\repository\org\seleniumhq\selenium\selenium-devtools-v94\4.1.1\selenium-devtools-v94-4.1.1.jar;C:\Users\SatishKumar\.m2\repository\org\seleniumhq\selenium\selenium-devtools-v95\4.1.1\selenium-devtools-v95-4.1.1.jar;C:\Users\SatishKumar\.m2\repository\org\seleniumhq\selenium\selenium-devtools-v96\4.1.1\selenium-devtools-v96-4.1.1.jar;C:\Users\SatishKumar\.m2\repository\org\seleniumhq\selenium\selenium-edge-driver\4.1.1\selenium-edge-driver-4.1.1.jar;C:\Users\SatishKumar\.m2\repository\org\seleniumhq\selenium\selenium-firefox-driver\4.1.1\selenium-firefox-driver-4.1.1.jar;C:\Users\SatishKumar\.m2\repository\org\seleniumhq\selenium\selenium-firefox-xpi-driver\4.1.1\selenium-firefox-xpi-driver-4.1.1.jar;C:\Users\SatishKumar\.m2\repository\org\seleniumhq\selenium\selenium-ie-driver\4.1.1\selenium-ie-driver-4.1.1.jar;C:\Users\SatishKumar\.m2\repository\org\seleniumhq\selenium\selenium-opera-driver\4.1.1\selenium-opera-driver-4.1.1.jar;C:\Users\SatishKumar\.m2\repository\org\seleniumhq\selenium\selenium-remote-driver\4.1.1\selenium-remote-driver-4.1.1.jar;C:\Users\SatishKumar\.m2\repository\com\beust\jcommander\1.81\jcommander-1.81.jar;C:\Users\SatishKumar\.m2\repository\io\netty\netty-buffer\4.1.70.Final\netty-buffer-4.1.70.Final.jar;C:\Users\SatishKumar\.m2\repository\io\netty\netty-codec-http\4.1.70.Final\netty-codec-http-4.1.70.Final.jar;C:\Users\SatishKumar\.m2\repository\io\netty\netty-codec\4.1.70.Final\netty-codec-4.1.70.Final.jar;C:\Users\SatishKumar\.m2\repository\io\netty\netty-handler\4.1.70.Final\netty-handler-4.1.70.Final.jar;C:\Users\SatishKumar\.m2\repository\io\netty\netty-common\4.1.70.Final\netty-common-4.1.70.Final.jar;C:\Users\SatishKumar\.m2\repository\io\netty\netty-transport-classes-epoll\4.1.70.Final\netty-transport-classes-epoll-4.1.70.Final.jar;C:\Users\SatishKumar\.m2\repository\io\netty\netty-transport-classes-kqueue\4.1.70.Final\netty-transport-classes-kqueue-4.1.70.Final.jar;C:\Users\SatishKumar\.m2\repository\io\netty\netty-transport-native-unix-common\4.1.70.Final\netty-transport-native-unix-common-4.1.70.Final.jar;C:\Users\SatishKumar\.m2\repository\io\netty\netty-transport\4.1.70.Final\netty-transport-4.1.70.Final.jar;C:\Users\SatishKumar\.m2\repository\io\netty\netty-resolver\4.1.70.Final\netty-resolver-4.1.70.Final.jar;C:\Users\SatishKumar\.m2\repository\io\opentelemetry\opentelemetry-api\1.9.1\opentelemetry-api-1.9.1.jar;C:\Users\SatishKumar\.m2\repository\io\opentelemetry\opentelemetry-context\1.9.1\opentelemetry-context-1.9.1.jar;C:\Users\SatishKumar\.m2\repository\io\opentelemetry\opentelemetry-exporter-logging\1.9.1\opentelemetry-exporter-logging-1.9.1.jar;C:\Users\SatishKumar\.m2\repository\io\opentelemetry\opentelemetry-sdk-metrics\1.9.1-alpha\opentelemetry-sdk-metrics-1.9.1-alpha.jar;C:\Users\SatishKumar\.m2\repository\io\opentelemetry\opentelemetry-sdk-logs\1.9.1-alpha\opentelemetry-sdk-logs-1.9.1-alpha.jar;C:\Users\SatishKumar\.m2\repository\io\opentelemetry\opentelemetry-sdk-common\1.9.1\opentelemetry-sdk-common-1.9.1.jar;C:\Users\SatishKumar\.m2\repository\io\opentelemetry\opentelemetry-sdk-extension-autoconfigure-spi\1.9.1\opentelemetry-sdk-extension-autoconfigure-spi-1.9.1.jar;C:\Users\SatishKumar\.m2\repository\io\opentelemetry\opentelemetry-sdk-extension-autoconfigure\1.9.1-alpha\opentelemetry-sdk-extension-autoconfigure-1.9.1-alpha.jar;C:\Users\SatishKumar\.m2\repository\io\opentelemetry\opentelemetry-sdk-trace\1.9.1\opentelemetry-sdk-trace-1.9.1.jar;C:\Users\SatishKumar\.m2\repository\io\opentelemetry\opentelemetry-api-metrics\1.9.1-alpha\opentelemetry-api-metrics-1.9.1-alpha.jar;C:\Users\SatishKumar\.m2\repository\io\opentelemetry\opentelemetry-sdk\1.9.1\opentelemetry-sdk-1.9.1.jar;C:\Users\SatishKumar\.m2\repository\io\opentelemetry\opentelemetry-semconv\1.9.1-alpha\opentelemetry-semconv-1.9.1-alpha.jar;C:\Users\SatishKumar\.m2\repository\io\ous\jtoml\2.0.0\jtoml-2.0.0.jar;C:\Users\SatishKumar\.m2\repository\net\bytebuddy\byte-buddy\1.12.2\byte-buddy-1.12.2.jar;C:\Users\SatishKumar\.m2\repository\org\apache\commons\commons-exec\1.3\commons-exec-1.3.jar;C:\Users\SatishKumar\.m2\repository\org\asynchttpclient\async-http-client\2.12.3\async-http-client-2.12.3.jar;C:\Users\SatishKumar\.m2\repository\org\asynchttpclient\async-http-client-netty-utils\2.12.3\async-http-client-netty-utils-2.12.3.jar;C:\Users\SatishKumar\.m2\repository\io\netty\netty-codec-socks\4.1.60.Final\netty-codec-socks-4.1.60.Final.jar;C:\Users\SatishKumar\.m2\repository\io\netty\netty-handler-proxy\4.1.60.Final\netty-handler-proxy-4.1.60.Final.jar;C:\Users\SatishKumar\.m2\repository\io\netty\netty-transport-native-epoll\4.1.60.Final\netty-transport-native-epoll-4.1.60.Final-linux-x86_64.jar;C:\Users\SatishKumar\.m2\repository\io\netty\netty-transport-native-kqueue\4.1.60.Final\netty-transport-native-kqueue-4.1.60.Final-osx-x86_64.jar;C:\Users\SatishKumar\.m2\repository\org\reactivestreams\reactive-streams\1.0.3\reactive-streams-1.0.3.jar;C:\Users\SatishKumar\.m2\repository\com\typesafe\netty\netty-reactive-streams\2.0.4\netty-reactive-streams-2.0.4.jar;C:\Users\SatishKumar\.m2\repository\com\sun\activation\jakarta.activation\1.2.2\jakarta.activation-1.2.2.jar;C:\Users\SatishKumar\.m2\repository\org\seleniumhq\selenium\selenium-http\4.1.1\selenium-http-4.1.1.jar;C:\Users\SatishKumar\.m2\repository\net\jodah\failsafe\2.4.4\failsafe-2.4.4.jar;C:\Users\SatishKumar\.m2\repository\org\seleniumhq\selenium\selenium-safari-driver\4.1.1\selenium-safari-driver-4.1.1.jar;C:\Users\SatishKumar\.m2\repository\org\seleniumhq\selenium\selenium-support\4.1.1\selenium-support-4.1.1.jar;C:\Users\SatishKumar\.m2\repository\io\cucumber\cucumber-java\7.1.0\cucumber-java-7.1.0.jar;C:\Users\SatishKumar\.m2\repository\org\apiguardian\apiguardian-api\1.1.2\apiguardian-api-1.1.2.jar;C:\Users\SatishKumar\.m2\repository\io\cucumber\cucumber-junit\7.1.0\cucumber-junit-7.1.0.jar;C:\Users\SatishKumar\.m2\repository\io\cucumber\cucumber-core\7.1.0\cucumber-core-7.1.0.jar;C:\Users\SatishKumar\.m2\repository\io\cucumber\cucumber-gherkin\7.1.0\cucumber-gherkin-7.1.0.jar;C:\Users\SatishKumar\.m2\repository\io\cucumber\cucumber-gherkin-messages\7.1.0\cucumber-gherkin-messages-7.1.0.jar;C:\Users\SatishKumar\.m2\repository\io\cucumber\messages\17.1.1\messages-17.1.1.jar;C:\Users\SatishKumar\.m2\repository\io\cucumber\tag-expressions\4.1.0\tag-expressions-4.1.0.jar;C:\Users\SatishKumar\.m2\repository\io\cucumber\cucumber-expressions\13.0.1\cucumber-expressions-13.0.1.jar;C:\Users\SatishKumar\.m2\repository\io\cucumber\datatable\7.1.0\datatable-7.1.0.jar;C:\Users\SatishKumar\.m2\repository\io\cucumber\cucumber-plugin\7.1.0\cucumber-plugin-7.1.0.jar;C:\Users\SatishKumar\.m2\repository\io\cucumber\docstring\7.1.0\docstring-7.1.0.jar;C:\Users\SatishKumar\.m2\repository\io\cucumber\html-formatter\17.0.0\html-formatter-17.0.0.jar;C:\Users\SatishKumar\.m2\repository\io\cucumber\create-meta\6.0.4\create-meta-6.0.4.jar;C:\Users\SatishKumar\.m2\repository\io\github\bonigarcia\webdrivermanager\5.0.3\webdrivermanager-5.0.3.jar;C:\Users\SatishKumar\.m2\repository\org\slf4j\slf4j-api\1.7.32\slf4j-api-1.7.32.jar;C:\Users\SatishKumar\.m2\repository\com\google\code\gson\gson\2.8.8\gson-2.8.8.jar;C:\Users\SatishKumar\.m2\repository\org\jsoup\jsoup\1.14.2\jsoup-1.14.2.jar;C:\Users\SatishKumar\.m2\repository\com\github\docker-java\docker-java\3.2.12\docker-java-3.2.12.jar;C:\Users\SatishKumar\.m2\repository\com\github\docker-java\docker-java-core\3.2.12\docker-java-core-3.2.12.jar;C:\Users\SatishKumar\.m2\repository\com\github\docker-java\docker-java-api\3.2.12\docker-java-api-3.2.12.jar;C:\Users\SatishKumar\.m2\repository\com\fasterxml\jackson\core\jackson-annotations\2.10.3\jackson-annotations-2.10.3.jar;C:\Users\SatishKumar\.m2\repository\commons-lang\commons-lang\2.6\commons-lang-2.6.jar;C:\Users\SatishKumar\.m2\repository\com\fasterxml\jackson\core\jackson-databind\2.10.3\jackson-databind-2.10.3.jar;C:\Users\SatishKumar\.m2\repository\com\fasterxml\jackson\core\jackson-core\2.10.3\jackson-core-2.10.3.jar;C:\Users\SatishKumar\.m2\repository\org\bouncycastle\bcpkix-jdk15on\1.64\bcpkix-jdk15on-1.64.jar;C:\Users\SatishKumar\.m2\repository\org\bouncycastle\bcprov-jdk15on\1.64\bcprov-jdk15on-1.64.jar;C:\Users\SatishKumar\.m2\repository\org\slf4j\jcl-over-slf4j\1.7.30\jcl-over-slf4j-1.7.30.jar;C:\Users\SatishKumar\.m2\repository\com\github\docker-java\docker-java-transport-httpclient5\3.2.12\docker-java-transport-httpclient5-3.2.12.jar;C:\Users\SatishKumar\.m2\repository\com\github\docker-java\docker-java-transport\3.2.12\docker-java-transport-3.2.12.jar;C:\Users\SatishKumar\.m2\repository\org\apache\httpcomponents\client5\httpclient5\5.0.3\httpclient5-5.0.3.jar;C:\Users\SatishKumar\.m2\repository\org\apache\httpcomponents\core5\httpcore5\5.0.2\httpcore5-5.0.2.jar;C:\Users\SatishKumar\.m2\repository\net\java\dev\jna\jna\5.8.0\jna-5.8.0.jar;C:\Users\SatishKumar\.m2\repository\com\google\guava\guava\30.1.1-jre\guava-30.1.1-jre.jar;C:\Users\SatishKumar\.m2\repository\com\google\guava\failureaccess\1.0.1\failureaccess-1.0.1.jar;C:\Users\SatishKumar\.m2\repository\com\google\guava\listenablefuture\9999.0-empty-to-avoid-conflict-with-guava\listenablefuture-9999.0-empty-to-avoid-conflict-with-guava.jar;C:\Users\SatishKumar\.m2\repository\com\google\code\findbugs\jsr305\3.0.2\jsr305-3.0.2.jar;C:\Users\SatishKumar\.m2\repository\org\checkerframework\checker-qual\3.8.0\checker-qual-3.8.0.jar;C:\Users\SatishKumar\.m2\repository\com\google\errorprone\error_prone_annotations\2.5.1\error_prone_annotations-2.5.1.jar;C:\Users\SatishKumar\.m2\repository\com\google\j2objc\j2objc-annotations\1.3\j2objc-annotations-1.3.jar;C:\Users\SatishKumar\.m2\repository\org\brotli\dec\0.1.2\dec-0.1.2.jar;C:\Users\SatishKumar\.m2\repository\org\apache\poi\poi-ooxml\5.1.0\poi-ooxml-5.1.0.jar;C:\Users\SatishKumar\.m2\repository\org\apache\poi\poi-ooxml-lite\5.1.0\poi-ooxml-lite-5.1.0.jar;C:\Users\SatishKumar\.m2\repository\org\apache\xmlbeans\xmlbeans\5.0.2\xmlbeans-5.0.2.jar;C:\Users\SatishKumar\.m2\repository\org\apache\commons\commons-compress\1.21\commons-compress-1.21.jar;C:\Users\SatishKumar\.m2\repository\commons-io\commons-io\2.11.0\commons-io-2.11.0.jar;C:\Users\SatishKumar\.m2\repository\com\github\virtuald\curvesapi\1.06\curvesapi-1.06.jar;C:\Users\SatishKumar\.m2\repository\org\apache\logging\log4j\log4j-api\2.14.1\log4j-api-2.14.1.jar;C:\Users\SatishKumar\.m2\repository\org\apache\commons\commons-collections4\4.4\commons-collections4-4.4.jar;C:\Users\SatishKumar\.m2\repository\org\apache\poi\poi\5.1.0\poi-5.1.0.jar;C:\Users\SatishKumar\.m2\repository\commons-codec\commons-codec\1.15\commons-codec-1.15.jar;C:\Users\SatishKumar\.m2\repository\org\apache\commons\commons-math3\3.6.1\commons-math3-3.6.1.jar;C:\Users\SatishKumar\.m2\repository\com\zaxxer\SparseBitSet\1.2\SparseBitSet-1.2.jar;C:\Users\SatishKumar\.m2\repository\tech\grasshopper\extentreports-cucumber7-adapter\1.1.0\extentreports-cucumber7-adapter-1.1.0.jar;C:\Users\SatishKumar\.m2\repository\com\aventstack\extentreports\5.0.8\extentreports-5.0.8.jar;C:\Users\SatishKumar\.m2\repository\io\reactivex\rxjava3\rxjava\3.0.4\rxjava-3.0.4.jar;C:\Users\SatishKumar\.m2\repository\org\freemarker\freemarker\2.3.30\freemarker-2.3.30.jar;C:\Users\SatishKumar\.m2\repository\org\projectlombok\lombok\1.18.12\lombok-1.18.12.jar;C:\Users\SatishKumar\.m2\repository\tech\grasshopper\extent-pdf-report\1.7.4\extent-pdf-report-1.7.4.jar;C:\Users\SatishKumar\.m2\repository\tech\grasshopper\cucumber-pdf-report\2.2.4\cucumber-pdf-report-2.2.4.jar;C:\Users\SatishKumar\.m2\repository\org\apache\pdfbox\pdfbox\2.0.22\pdfbox-2.0.22.jar;C:\Users\SatishKumar\.m2\repository\org\apache\pdfbox\fontbox\2.0.22\fontbox-2.0.22.jar;C:\Users\SatishKumar\.m2\repository\org\knowm\xchart\xchart\3.8.0\xchart-3.8.0.jar;C:\Users\SatishKumar\.m2\repository\de\erichseifert\vectorgraphics2d\VectorGraphics2D\0.13\VectorGraphics2D-0.13.jar;C:\Users\SatishKumar\.m2\repository\de\rototor\pdfbox\graphics2d\0.30\graphics2d-0.30.jar;C:\Users\SatishKumar\.m2\repository\com\madgag\animated-gif-lib\1.4\animated-gif-lib-1.4.jar;C:\Users\SatishKumar\.m2\repository\org\yaml\snakeyaml\1.28\snakeyaml-1.28.jar;C:\Users\SatishKumar\.m2\repository\tech\grasshopper\table-layout\1.2.0\table-layout-1.2.0.jar;C:\Users\SatishKumar\.m2\repository\com\aventstack\klov-reporter\5.0.8\klov-reporter-5.0.8.jar;C:\Users\SatishKumar\.m2\repository\org\mongodb\mongodb-driver\3.6.4\mongodb-driver-3.6.4.jar;C:\Users\SatishKumar\.m2\repository\org\mongodb\mongodb-driver-core\3.6.4\mongodb-driver-core-3.6.4.jar;C:\Users\SatishKumar\.m2\repository\org\mongodb\bson\3.6.4\bson-3.6.4.jar;C:\Users\SatishKumar\.m2\repository\org\apache\httpcomponents\httpclient\4.5.2\httpclient-4.5.2.jar;C:\Users\SatishKumar\.m2\repository\org\apache\httpcomponents\httpcore\4.4.4\httpcore-4.4.4.jar;C:\Users\SatishKumar\.m2\repository\commons-logging\commons-logging\1.2\commons-logging-1.2.jar;C:\Users\SatishKumar\.m2\repository\org\apache\httpcomponents\httpmime\4.5.2\httpmime-4.5.2.jar;C:\Users\SatishKumar\.m2\repository\junit\junit\4.13.2\junit-4.13.2.jar;C:\Users\SatishKumar\.m2\repository\org\hamcrest\hamcrest-core\1.3\hamcrest-core-1.3.jar;"/>
    <property name="sun.cpu.endian" value="little"/>
    <property name="user.home" value="C:\Users\SatishKumar"/>
    <property name="user.language" value="en"/>
    <property name="java.specification.vendor" value="Oracle Corporation"/>
    <property name="java.version.date" value="2021-07-20"/>
    <property name="java.home" value="C:\Program Files\Java\jdk-11.0.12"/>
    <property name="file.separator" value="\"/>
    <property name="basedir" value="C:\Users\SatishKumar\eclipse-workspace\TestScenarios"/>
    <property name="java.vm.compressedOopsMode" value="32-bit"/>
    <property name="line.separator" value="&#10;"/>
    <property name="java.specification.name" value="Java Platform API Specification"/>
    <property name="java.vm.specification.vendor" value="Oracle Corporation"/>
    <property name="java.awt.graphicsenv" value="sun.awt.Win32GraphicsEnvironment"/>
    <property name="surefire.real.class.path" value="C:\Users\SatishKumar\AppData\Local\Temp\surefire11297721631283237667\surefirebooter3599724713178020956.jar"/>
    <property name="user.script" value=""/>
    <property name="sun.management.compiler" value="HotSpot 64-Bit Tiered Compilers"/>
    <property name="java.runtime.version" value="11.0.12+8-LTS-237"/>
    <property name="webdriver.edge.driver" value="C:\Users\SatishKumar\.cache\selenium\msedgedriver\win64\97.0.1072.69\msedgedriver.exe"/>
    <property name="user.name" value="SatishKumar"/>
    <property name="path.separator" value=";"/>
    <property name="os.version" value="10.0"/>
    <property name="java.runtime.name" value="Java(TM) SE Runtime Environment"/>
    <property name="file.encoding" value="Cp1252"/>
    <property name="sun.nio.ch.bugLevel" value=""/>
    <property name="java.vm.name" value="Java HotSpot(TM) 64-Bit Server VM"/>
    <property name="java.vendor.version" value="18.9"/>
    <property name="localRepository" value="C:\Users\SatishKumar\.m2\repository"/>
    <property name="java.vendor.url.bug" value="https://bugreport.java.com/bugreport/"/>
    <property name="java.io.tmpdir" value="C:\Users\SATISH~1\AppData\Local\Temp\"/>
    <property name="java.version" value="11.0.12"/>
    <property name="user.dir" value="C:\Users\SatishKumar\eclipse-workspace\TestScenarios"/>
    <property name="os.arch" value="amd64"/>
    <property name="java.vm.specification.name" value="Java Virtual Machine Specification"/>
    <property name="java.awt.printerjob" value="sun.awt.windows.WPrinterJob"/>
    <property name="sun.os.patch.level" value=""/>
    <property name="java.library.path" value="C:\Program Files\Java\jdk-11.0.12\bin;C:\Windows\Sun\Java\bin;C:\Windows\system32;C:\Windows;C:\Program Files\Common Files\Oracle\Java\javapath;C:\Program Files\Amazon Corretto\jdk1.8.0_302\bin;C:\Windows\system32;C:\Windows;C:\Windows\System32\Wbem;C:\Windows\System32\WindowsPowerShell\v1.0\;C:\Windows\System32\OpenSSH\;C:\TagUI_Windows\tagui\src;C:\Program Files (x86)\Intel\Intel(R) Management Engine Components\DAL;C:\Program Files\Intel\Intel(R) Management Engine Components\DAL;C:\apache-maven-3.8.3\bin;C:\Program Files\Git\cmd;C:\Program Files\nodejs\;C:\Users\SatishKumar\AppData\Local\Programs\Python\Python310\Scripts\;C:\Users\SatishKumar\AppData\Local\Programs\Python\Python310\;C:\Users\SatishKumar\scoop\shims;C:\Users\SatishKumar\AppData\Local\Microsoft\WindowsApps;%PyCharm Community Edition%;C:\TagUI_Windows\tagui\src;C:\Users\SatishKumar\AppData\Local\GitHubDesktop\bin;C:\apache-maven-3.8.3\bin;C:\Users\SatishKumar\AppData\Roaming\npm;."/>
    <property name="java.vendor" value="Oracle Corporation"/>
    <property name="java.vm.info" value="mixed mode"/>
    <property name="java.vm.version" value="11.0.12+8-LTS-237"/>
    <property name="sun.io.unicode.encoding" value="UnicodeLittle"/>
    <property name="java.class.version" value="55.0"/>
  </properties>
  <testcase name="Validate Fees tab" classname="Validate end to end testing on Account Tab" time="13.711">
    <system-out><![CDATA[************* Opera Test environment Start ********************

Scenario Outline: Validate Fees tab            # src/test/java/Features/Account.feature:12
Element Visible
  When username and password field are display # Steps.LoginPageSteps.username_and_password_field_are_display()
  And enter "chimerasa" and "Test2021"         # Steps.LoginPageSteps.enter_and(java.lang.String,java.lang.String)
  And click on Login button                    # Steps.LoginPageSteps.click_on_login_button()
PaySchools Admin -Home
  Then homepage should display                 # Steps.LoginPageSteps.homepage_should_display()
  Then verify Fees Tab                         # Steps.FeesSteps.verify_Fees_Tab()
]]></system-out>
    <system-err><![CDATA[Starting OperaDriver 97.0.4692.71 (adefa7837d02a07a604c1e6eff0b3a09422ab88d-refs/branch-heads/4692@{#1247}) on port 60190
Only local connections are allowed.
Please see https://chromedriver.chromium.org/security-considerations for suggestions on keeping OperaDriver safe.
OperaDriver was started successfully.
Jan 25, 2022 7:48:11 PM org.openqa.selenium.remote.ProtocolHandshake createSession
INFO: Detected dialect: OSS
]]></system-err>
  </testcase>
  <testcase name="Verify Home Tab visibility" classname="Validate end to end testing on Account Tab" time="0.069">
    <system-out><![CDATA[
Scenario: Verify Home Tab visibility    # src/test/java/Features/Account.feature:14
PaySchools Admin -Home
  Given homepage should display         # Steps.LoginPageSteps.homepage_should_display()
  Then validate Home Tab should visible # Steps.HomePageSteps.validate_Home_Tab_should_visible()
]]></system-out>
  </testcase>
  <testcase name="Verify Patrons Tab visibility" classname="Validate end to end testing on Account Tab" time="0.07">
    <system-out><![CDATA[
Scenario: Verify Patrons Tab visibility    # src/test/java/Features/Account.feature:18
PaySchools Admin -Home
  Given homepage should display            # Steps.LoginPageSteps.homepage_should_display()
  Then validate Patrons Tab should visible # Steps.HomePageSteps.validate_Patrons_Tab_should_visible()
]]></system-out>
  </testcase>
  <testcase name="Verify Reports Tab visibility" classname="Validate end to end testing on Account Tab" time="0.07">
    <system-out><![CDATA[
Scenario: Verify Reports Tab visibility    # src/test/java/Features/Account.feature:22
PaySchools Admin -Home
  Given homepage should display            # Steps.LoginPageSteps.homepage_should_display()
  Then validate Reports Tab should visible # Steps.HomePageSteps.validate_Reports_Tab_should_visible()
]]></system-out>
  </testcase>
  <testcase name="Verify Nurse Tracking Tab visibility" classname="Validate end to end testing on Account Tab" time="0.073">
    <system-out><![CDATA[
Scenario: Verify Nurse Tracking Tab visibility    # src/test/java/Features/Account.feature:26
PaySchools Admin -Home
  Given homepage should display                   # Steps.LoginPageSteps.homepage_should_display()
  Then validate Nurse Tracking Tab should visible # Steps.HomePageSteps.validate_Nurse_Tracking_Tab_should_visible()
]]></system-out>
  </testcase>
  <testcase name="Verify Quick Apps Tab visibility" classname="Validate end to end testing on Account Tab" time="0.065">
    <system-out><![CDATA[
Scenario: Verify Quick Apps Tab visibility    # src/test/java/Features/Account.feature:30
PaySchools Admin -Home
  Given homepage should display               # Steps.LoginPageSteps.homepage_should_display()
  Then validate Quick Apps Tab should visible # Steps.HomePageSteps.validate_Quick_Apps_Tab_should_visible()
]]></system-out>
  </testcase>
  <testcase name="Verify Forms Tab visibility" classname="Validate end to end testing on Account Tab" time="0.069">
    <system-out><![CDATA[
Scenario: Verify Forms Tab visibility    # src/test/java/Features/Account.feature:34
PaySchools Admin -Home
  Given homepage should display          # Steps.LoginPageSteps.homepage_should_display()
  Then validate Forms Tab should visible # Steps.HomePageSteps.validate_Forms_Tab_should_visible()
]]></system-out>
  </testcase>
  <testcase name="Verify School Programs Tab visibility" classname="Validate end to end testing on Account Tab" time="0.072">
    <system-out><![CDATA[
Scenario: Verify School Programs Tab visibility    # src/test/java/Features/Account.feature:38
PaySchools Admin -Home
  Given homepage should display                    # Steps.LoginPageSteps.homepage_should_display()
  Then validate School Programs Tab should visible # Steps.HomePageSteps.validate_School_Programs_Tab_should_visible()
]]></system-out>
  </testcase>
  <testcase name="Select Search Patron" classname="Validate end to end testing on Account Tab" time="18.373">
    <system-out><![CDATA[
Scenario: Select Search Patron # src/test/java/Features/Account.feature:42
  Given mouse over to Patron   # Steps.HomePageSteps.mouse_over_to_patron()
  And select Search Patron     # Steps.HomePageSteps.select_search_patron()
  When Search Box visible      # Steps.HomePageSteps.search_box_visible()
  Then enter Patron Name or ID # Steps.HomePageSteps.enter_patron_name_or_id()
  And click search button      # Steps.HomePageSteps.click_search_button()
]]></system-out>
  </testcase>
  <testcase name="Select first patron" classname="Validate end to end testing on Account Tab" time="10.303">
    <system-out><![CDATA[
Scenario: Select first patron             # src/test/java/Features/Account.feature:49
View Patron
  Given After user is on view patron page # Steps.HomePageSteps.After_user_is_on_view_patron_page()
Display first patron 
  When first patron display               # Steps.HomePageSteps.first_patron_display()
  Then click on first patron              # Steps.HomePageSteps.click_on_first_patron()
]]></system-out>
  </testcase>
  <testcase name="Go to Account Page and insert" classname="Validate end to end testing on Account Tab" time="9.146">
    <system-out><![CDATA[
Scenario: Go to Account Page and insert # src/test/java/Features/Account.feature:54
  Given Account Tab display             # Steps.AccountSteps.Account_Tab_display()
  When Click on Account Tab             # Steps.AccountSteps.Click_on_Account_Tab()
]]></system-out>
  </testcase>
  <testcase name="Edit Account" classname="Validate end to end testing on Account Tab" time="47.521">
    <system-out><![CDATA[
Scenario: Edit Account        # src/test/java/Features/Account.feature:62
  Given Account Tab display   # Steps.AccountSteps.Account_Tab_display()
  And click on Refresh button # Steps.AccountSteps.click_on_Refresh_button()
  When click on edit button   # Steps.AccountSteps.click_on_edit_button()
  And validate edit fields    # Steps.AccountSteps.validate_edit_fields()
  Then click on Save button   # Steps.AccountSteps.click_on_Save_button()
  And click on Refresh button # Steps.AccountSteps.click_on_Refresh_button()
  And go to Home Page         # Steps.FeesSteps.go_to_Home_Page()
  And perform logout          # Steps.LoginPageSteps.perform_logout()
]]></system-out>
  </testcase>
  <testcase name="Validate Fees tab" classname="Validate end to end testing on Admin. Manage fees" time="8.86">
    <system-out><![CDATA[
Scenario Outline: Validate Fees tab            # src/test/java/Features/Fees.feature:12
Element Visible
  When username and password field are display # Steps.LoginPageSteps.username_and_password_field_are_display()
  And enter "chimerasa" and "Test2021"         # Steps.LoginPageSteps.enter_and(java.lang.String,java.lang.String)
  And click on Login button                    # Steps.LoginPageSteps.click_on_login_button()
PaySchools Admin -Home
  Then homepage should display                 # Steps.LoginPageSteps.homepage_should_display()
  Then verify Fees Tab                         # Steps.FeesSteps.verify_Fees_Tab()
]]></system-out>
  </testcase>
  <testcase name="Go to Admin Manage Fees" classname="Validate end to end testing on Admin. Manage fees" time="37.259">
    <system-out><![CDATA[
Scenario: Go to Admin Manage Fees  # src/test/java/Features/Fees.feature:14
  When mouse over to Fees          # Steps.FeesSteps.mouse_over_to_Fees()
  And mouse over to Administration # Steps.FeesSteps.mouse_over_to_Administration()
  Then Select Manage Fees          # Steps.FeesSteps.Select_Manage_Fees()
]]></system-out>
  </testcase>
  <testcase name="verify search text box" classname="Validate end to end testing on Admin. Manage fees" time="0.138">
    <system-out><![CDATA[
Scenario: verify search text box    # src/test/java/Features/Fees.feature:19
  Given user is on Manage Fees page # Steps.FeesSteps.user_is_on_Manage_Fees_page()
  When Search text box display      # Steps.FeesSteps.Search_text_box_display()
  Then click on first school        # Steps.FeesSteps.click_on_first_school()
]]></system-out>
  </testcase>
  <testcase name="select first school" classname="Validate end to end testing on Admin. Manage fees" time="12.396">
    <system-out><![CDATA[
Scenario: select first school           # src/test/java/Features/Fees.feature:24
  When user click on first school       # Steps.FeesSteps.user_click_on_first_school()
  And click on Edit Action button       # Steps.FeesSteps.click_on_edit_action_button()
  Then choose fee type window displayed # Steps.FeesSteps.choose_fee_type_window_displayed()
  And select Assigned Fees              # Steps.FeesSteps.select_assigned_fees()
  And click start button                # Steps.FeesSteps.click_start_button()
]]></system-out>
  </testcase>
  <testcase name="verify Required Information" classname="Validate end to end testing on Admin. Manage fees" time="74.066">
    <system-out><![CDATA[
Scenario: verify Required Information                                                          # src/test/java/Features/Fees.feature:31
  Given user is on Required Information page                                                   # Steps.FeesSteps.user_is_on_required_information_page()
  When user edit fee name, fee description and fee code                                        # Steps.FeesSteps.user_edit_fee_name_fee_description_and_fee_code()
  And validate select district, select school, expire at end checkbox, start date and end date # Steps.FeesSteps.validate_select_district_select_school_expire_at_end_checkbox_start_date_and_end_date()
  And validate fee category and fee type                                                       # Steps.FeesSteps.validate_fee_category_and_fee_type()
  Then click on next button                                                                    # Steps.FeesSteps.click_on_next_button()
]]></system-out>
  </testcase>
  <testcase name="verify Amount &amp; Installation" classname="Validate end to end testing on Admin. Manage fees" time="29.708">
    <system-out><![CDATA[
Scenario: verify Amount & Installation        # src/test/java/Features/Fees.feature:38
  Given user is on Amount & Installation page # Steps.FeesSteps.user_is_on_amount_installation_page()
  When user validate fixed field              # Steps.FeesSteps.user_validate_fixed_field()
  And validate Tiered field                   # Steps.FeesSteps.validate_tiered_field()
  And validate Variable filed                 # Steps.FeesSteps.validate_variable_field()
  Then click on next button                   # Steps.FeesSteps.click_on_next_button()
  And go to Home Page                         # Steps.FeesSteps.go_to_Home_Page()
  And perform logout                          # Steps.LoginPageSteps.perform_logout()
]]></system-out>
  </testcase>
  <testcase name="Validate Home Page" classname="Validate End to End testing on Home Page" time="6.877">
    <system-out><![CDATA[
Scenario Outline: Validate Home Page           # src/test/java/Features/HomePage.feature:11
Element Visible
  When username and password field are display # Steps.LoginPageSteps.username_and_password_field_are_display()
  And enter "chimerasa" and "Test2021"         # Steps.LoginPageSteps.enter_and(java.lang.String,java.lang.String)
  And click on Login button                    # Steps.LoginPageSteps.click_on_login_button()
PaySchools Admin -Home
  Then homepage should display                 # Steps.LoginPageSteps.homepage_should_display()
]]></system-out>
  </testcase>
  <testcase name="Verify Home Tab visibility" classname="Validate End to End testing on Home Page" time="0.066">
    <system-out><![CDATA[
Scenario: Verify Home Tab visibility    # src/test/java/Features/HomePage.feature:13
PaySchools Admin -Home
  Given homepage should display         # Steps.LoginPageSteps.homepage_should_display()
  Then validate Home Tab should visible # Steps.HomePageSteps.validate_Home_Tab_should_visible()
]]></system-out>
  </testcase>
  <testcase name="Verify Patrons Tab visibility" classname="Validate End to End testing on Home Page" time="0.065">
    <system-out><![CDATA[
Scenario: Verify Patrons Tab visibility    # src/test/java/Features/HomePage.feature:17
PaySchools Admin -Home
  Given homepage should display            # Steps.LoginPageSteps.homepage_should_display()
  Then validate Patrons Tab should visible # Steps.HomePageSteps.validate_Patrons_Tab_should_visible()
]]></system-out>
  </testcase>
  <testcase name="Verify Reports Tab visibility" classname="Validate End to End testing on Home Page" time="0.065">
    <system-out><![CDATA[
Scenario: Verify Reports Tab visibility    # src/test/java/Features/HomePage.feature:21
PaySchools Admin -Home
  Given homepage should display            # Steps.LoginPageSteps.homepage_should_display()
  Then validate Reports Tab should visible # Steps.HomePageSteps.validate_Reports_Tab_should_visible()
]]></system-out>
  </testcase>
  <testcase name="Verify Nurse Tracking Tab visibility" classname="Validate End to End testing on Home Page" time="0.066">
    <system-out><![CDATA[
Scenario: Verify Nurse Tracking Tab visibility    # src/test/java/Features/HomePage.feature:25
PaySchools Admin -Home
  Given homepage should display                   # Steps.LoginPageSteps.homepage_should_display()
  Then validate Nurse Tracking Tab should visible # Steps.HomePageSteps.validate_Nurse_Tracking_Tab_should_visible()
]]></system-out>
  </testcase>
  <testcase name="Verify Quick Apps Tab visibility" classname="Validate End to End testing on Home Page" time="0.066">
    <system-out><![CDATA[
Scenario: Verify Quick Apps Tab visibility    # src/test/java/Features/HomePage.feature:29
PaySchools Admin -Home
  Given homepage should display               # Steps.LoginPageSteps.homepage_should_display()
  Then validate Quick Apps Tab should visible # Steps.HomePageSteps.validate_Quick_Apps_Tab_should_visible()
]]></system-out>
  </testcase>
  <testcase name="Verify Forms Tab visibility" classname="Validate End to End testing on Home Page" time="0.069">
    <system-out><![CDATA[
Scenario: Verify Forms Tab visibility    # src/test/java/Features/HomePage.feature:33
PaySchools Admin -Home
  Given homepage should display          # Steps.LoginPageSteps.homepage_should_display()
  Then validate Forms Tab should visible # Steps.HomePageSteps.validate_Forms_Tab_should_visible()
]]></system-out>
  </testcase>
  <testcase name="Verify School Programs Tab visibility" classname="Validate End to End testing on Home Page" time="0.087">
    <system-out><![CDATA[
Scenario: Verify School Programs Tab visibility    # src/test/java/Features/HomePage.feature:37
PaySchools Admin -Home
  Given homepage should display                    # Steps.LoginPageSteps.homepage_should_display()
  Then validate School Programs Tab should visible # Steps.HomePageSteps.validate_School_Programs_Tab_should_visible()
]]></system-out>
  </testcase>
  <testcase name="Select Search Patron" classname="Validate End to End testing on Home Page" time="15.614">
    <system-out><![CDATA[
Scenario: Select Search Patron # src/test/java/Features/HomePage.feature:41
  Given mouse over to Patron   # Steps.HomePageSteps.mouse_over_to_patron()
  And select Search Patron     # Steps.HomePageSteps.select_search_patron()
  When Search Box visible      # Steps.HomePageSteps.search_box_visible()
  Then enter Patron Name or ID # Steps.HomePageSteps.enter_patron_name_or_id()
  And click search button      # Steps.HomePageSteps.click_search_button()
]]></system-out>
  </testcase>
  <testcase name="Select first patron" classname="Validate End to End testing on Home Page" time="8.825">
    <system-out><![CDATA[
Scenario: Select first patron             # src/test/java/Features/HomePage.feature:48
View Patron
  Given After user is on view patron page # Steps.HomePageSteps.After_user_is_on_view_patron_page()
Display first patron 
  When first patron display               # Steps.HomePageSteps.first_patron_display()
  Then click on first patron              # Steps.HomePageSteps.click_on_first_patron()
]]></system-out>
  </testcase>
  <testcase name="Quick Lunch Restriction" classname="Validate End to End testing on Home Page" time="31.685">
    <system-out><![CDATA[
Scenario: Quick Lunch Restriction            # src/test/java/Features/HomePage.feature:53
  When Select Quick Lunch Restriction button # Steps.HomePageSteps.Select_Quick_Lunch_Restriction_button()
  Then Validate each fields                  # Steps.HomePageSteps.Validate_each_fields()
]]></system-out>
  </testcase>
  <testcase name="Validate Report Tab" classname="Validate End to End testing on Home Page" time="10.21">
    <system-out><![CDATA[
Scenario: Validate Report Tab                     # src/test/java/Features/HomePage.feature:57
Report Tab Visible: true
  Given check Report tab is visible and clickable # Steps.HomePageSteps.check_Report_tab_is_visible()
  Then click on Report Tab                        # Steps.HomePageSteps.click_on_Report_Tab()
]]></system-out>
  </testcase>
  <testcase name="Go to Patron Account Activity" classname="Validate End to End testing on Home Page" time="17.364">
    <system-out><![CDATA[
Scenario: Go to Patron Account Activity # src/test/java/Features/HomePage.feature:61
  Given mouse over to Patron Tab        # Steps.HomePageSteps.mouse_over_to_Patron_Tab()
  And mouse over to Account Reports     # Steps.HomePageSteps.mouse_over_to_Account_Reports()
  Then Select Patron Account Activity   # Steps.HomePageSteps.Select_Patron_Account_Activity()
]]></system-out>
  </testcase>
  <testcase name="Generate Report" classname="Validate End to End testing on Home Page" time="52.09">
    <system-out><![CDATA[
Scenario: Generate Report                      # src/test/java/Features/HomePage.feature:66
  Given user is on report page                 # Steps.HomePageSteps.user_is_on_report_page()
  When click on patron tab                     # Steps.HomePageSteps.click_on_patron_tab()
  And enter patronID, Last name and first name # Steps.HomePageSteps.enter_patronID_Last_name_and_first_name()
  And click on search button                   # Steps.HomePageSteps.click_on_search_button()
  Then click on Add All button                 # Steps.HomePageSteps.click_on_Add_All_button()
  And go to Home Page                          # Steps.FeesSteps.go_to_Home_Page()
  And perform logout                           # Steps.LoginPageSteps.perform_logout()
]]></system-out>
  </testcase>
  <testcase name="Title of Login Page" classname="validate Login Page" time="0.023">
    <system-out><![CDATA[
Scenario: Title of Login Page # src/test/java/Features/LoginPage.feature:4
  When Login Page Display     # Steps.LoginPageSteps.login_page_display()
PaySchools Admin -Logout
  Then fetch login page title # Steps.LoginPageSteps.fetch_login_page_title()
]]></system-out>
  </testcase>
  <testcase name="Verify Password Reset button is visible" classname="validate Login Page" time="2.91">
    <system-out><![CDATA[
Scenario: Verify Password Reset button is visible # src/test/java/Features/LoginPage.feature:8
  When Login Page Display                         # Steps.LoginPageSteps.login_page_display()
  Then password reset button should be visible    # Steps.LoginPageSteps.password_reset_button_visible()
]]></system-out>
  </testcase>
  <testcase name="Verify Password Reset button is clickable" classname="validate Login Page" time="1.233">
    <system-out><![CDATA[
Scenario: Verify Password Reset button is clickable # src/test/java/Features/LoginPage.feature:12
  When Login Page Display                           # Steps.LoginPageSteps.login_page_display()
  Then password reset button should be clickable    # Steps.LoginPageSteps.password_reset_button_clickable()
  And click on Back to SignIn Page                  # Steps.LoginPageSteps.click_on_back_to_sign_in_page()
]]></system-out>
  </testcase>
  <testcase name="Verify Privacy Policy is visible" classname="validate Login Page" time="0.07">
    <system-out><![CDATA[
Scenario: Verify Privacy Policy is visible # src/test/java/Features/LoginPage.feature:17
  When Login Page Display                  # Steps.LoginPageSteps.login_page_display()
  Then Privacy Policy should be visible    # Steps.LoginPageSteps.Privacy_policy_visible()
]]></system-out>
  </testcase>
  <testcase name="Verify Terms and Condition is visible" classname="validate Login Page" time="0.059">
    <system-out><![CDATA[
Scenario: Verify Terms and Condition is visible # src/test/java/Features/LoginPage.feature:21
  When Login Page Display                       # Steps.LoginPageSteps.login_page_display()
  Then Terms and Condition should be visible    # Steps.LoginPageSteps.terms_and_condition_visible()
]]></system-out>
  </testcase>
  <testcase name="Validate bar menu" classname="validate Login Page" time="0.695">
    <system-out><![CDATA[
Scenario: Validate bar menu        # src/test/java/Features/LoginPage.feature:25
  When Login Page Display          # Steps.LoginPageSteps.login_page_display()
  Then click on bar menu icon      # Steps.LoginPageSteps.click_on_bar_menu_icon()
  And click on each Tab            # Steps.LoginPageSteps.click_on_each_tab()
  And click on Back to SignIn Page # Steps.LoginPageSteps.click_on_back_to_sign_in_page()
]]></system-out>
  </testcase>
  <testcase name="do positive login" classname="validate Login Page" time="14.113">
    <system-out><![CDATA[
Scenario Outline: do positive login            # src/test/java/Features/LoginPage.feature:40
Element Visible
  When username and password field are display # Steps.LoginPageSteps.username_and_password_field_are_display()
  And enter "chimerasa" and "Test2021"         # Steps.LoginPageSteps.enter_and(java.lang.String,java.lang.String)
  And click on Login button                    # Steps.LoginPageSteps.click_on_login_button()
PaySchools Admin -Home
  Then homepage should display                 # Steps.LoginPageSteps.homepage_should_display()
  And perform logout                           # Steps.LoginPageSteps.perform_logout()
]]></system-out>
  </testcase>
  <testcase name="do Negative Login" classname="validate Login Page" time="7.082">
    <system-out><![CDATA[
Scenario Outline: do Negative Login            # src/test/java/Features/LoginPage.feature:50
Element Visible
  When username and password field are display # Steps.LoginPageSteps.username_and_password_field_are_display()
  And enter "chimerasa" and "Test202"          # Steps.LoginPageSteps.enter_and(java.lang.String,java.lang.String)
  And click on Login button                    # Steps.LoginPageSteps.click_on_login_button()
Invalid login. Either your username or password was incorrect.
  Then error message should display            # Steps.LoginPageSteps.error_message_should_display()
]]></system-out>
  </testcase>
  <testcase name="" classname="testRunner.OperaTest" time="114.437">
    <error message="java.net.UnknownHostException: cucumber-messages-app-s3bucket-61aropwgu4ox.s3.eu-west-3.amazonaws.com" type="java.lang.RuntimeException"><![CDATA[java.lang.RuntimeException: java.net.UnknownHostException: cucumber-messages-app-s3bucket-61aropwgu4ox.s3.eu-west-3.amazonaws.com
Caused by: java.net.UnknownHostException: cucumber-messages-app-s3bucket-61aropwgu4ox.s3.eu-west-3.amazonaws.com
Caused by: java.net.UnknownHostException: cucumber-messages-app-s3bucket-61aropwgu4ox.s3.eu-west-3.amazonaws.com
]]></error>
    <system-out><![CDATA[************* Opera Test environment End ********************
]]></system-out>
    <system-err><![CDATA[Jan 25, 2022 7:55:54 PM tech.grasshopper.pdf.PDFCucumberReport collectReportConfiguration
INFO: PDF report configuration YAML file not found. Using default settings.
Jan 25, 2022 7:55:57 PM tech.grasshopper.pdf.PDFCucumberReport createReport
SEVERE: An exception occurred
java.io.IOException: The TrueType font null does not contain a 'cmap' table
	at org.apache.fontbox.ttf.TrueTypeFont.getUnicodeCmapImpl(TrueTypeFont.java:561)
	at org.apache.fontbox.ttf.TrueTypeFont.getUnicodeCmapLookup(TrueTypeFont.java:541)
	at org.apache.fontbox.ttf.TrueTypeFont.getUnicodeCmapLookup(TrueTypeFont.java:527)
	at org.apache.fontbox.ttf.TTFSubsetter.<init>(TTFSubsetter.java:90)
	at org.apache.pdfbox.pdmodel.font.TrueTypeEmbedder.subset(TrueTypeEmbedder.java:346)
	at org.apache.pdfbox.pdmodel.font.PDType0Font.subset(PDType0Font.java:256)
	at org.apache.pdfbox.pdmodel.PDDocument.save(PDDocument.java:1349)
	at org.apache.pdfbox.pdmodel.PDDocument.save(PDDocument.java:1328)
	at tech.grasshopper.pdf.PDFCucumberReport.createReport(PDFCucumberReport.java:116)
	at tech.grasshopper.pdf.extent.ExtentPDFCucumberReporter.flush(ExtentPDFCucumberReporter.java:81)
	at tech.grasshopper.pdf.extent.ExtentPDFCucumberReporter.access$100(ExtentPDFCucumberReporter.java:19)
	at tech.grasshopper.pdf.extent.ExtentPDFCucumberReporter$1.onNext(ExtentPDFCucumberReporter.java:56)
	at tech.grasshopper.pdf.extent.ExtentPDFCucumberReporter$1.onNext(ExtentPDFCucumberReporter.java:49)
	at io.reactivex.rxjava3.subjects.PublishSubject$PublishDisposable.onNext(PublishSubject.java:310)
	at io.reactivex.rxjava3.subjects.PublishSubject.onNext(PublishSubject.java:226)
	at com.aventstack.extentreports.ReactiveSubject.onFlush(ReactiveSubject.java:83)
	at com.aventstack.extentreports.AbstractProcessor.onFlush(AbstractProcessor.java:85)
	at com.aventstack.extentreports.ExtentReports.flush(ExtentReports.java:284)
	at com.aventstack.extentreports.cucumber.adapter.ExtentCucumberAdapter.finishReport(ExtentCucumberAdapter.java:300)
	at com.aventstack.extentreports.cucumber.adapter.ExtentCucumberAdapter.access$600(ExtentCucumberAdapter.java:62)
	at com.aventstack.extentreports.cucumber.adapter.ExtentCucumberAdapter$8.receive(ExtentCucumberAdapter.java:136)
	at com.aventstack.extentreports.cucumber.adapter.ExtentCucumberAdapter$8.receive(ExtentCucumberAdapter.java:133)
	at io.cucumber.core.eventbus.AbstractEventPublisher.send(AbstractEventPublisher.java:51)
	at io.cucumber.core.eventbus.AbstractEventBus.send(AbstractEventBus.java:12)
	at io.cucumber.core.runtime.SynchronizedEventBus.send(SynchronizedEventBus.java:47)
	at io.cucumber.core.runtime.CucumberExecutionContext.emitTestRunFinished(CucumberExecutionContext.java:90)
	at io.cucumber.core.runtime.CucumberExecutionContext.finishTestRun(CucumberExecutionContext.java:77)
	at io.cucumber.junit.Cucumber$FinishTestRun.evaluate(Cucumber.java:250)
	at org.junit.internal.runners.statements.RunBefores.evaluate(RunBefores.java:26)
	at org.junit.internal.runners.statements.RunAfters.evaluate(RunAfters.java:27)
	at org.junit.runners.ParentRunner$3.evaluate(ParentRunner.java:306)
	at org.junit.runners.ParentRunner.run(ParentRunner.java:413)
	at org.apache.maven.surefire.junit4.JUnit4Provider.execute(JUnit4Provider.java:364)
	at org.apache.maven.surefire.junit4.JUnit4Provider.executeWithRerun(JUnit4Provider.java:272)
	at org.apache.maven.surefire.junit4.JUnit4Provider.executeTestSet(JUnit4Provider.java:237)
	at org.apache.maven.surefire.junit4.JUnit4Provider.invoke(JUnit4Provider.java:158)
	at org.apache.maven.surefire.booter.ForkedBooter.runSuitesInProcess(ForkedBooter.java:428)
	at org.apache.maven.surefire.booter.ForkedBooter.execute(ForkedBooter.java:162)
	at org.apache.maven.surefire.booter.ForkedBooter.run(ForkedBooter.java:562)
	at org.apache.maven.surefire.booter.ForkedBooter.main(ForkedBooter.java:548)

Jan 25, 2022 7:55:57 PM tech.grasshopper.pdf.extent.ExtentPDFCucumberReporter flush
SEVERE: An exception occurred
tech.grasshopper.pdf.exception.PdfReportException: java.io.IOException: The TrueType font null does not contain a 'cmap' table
	at tech.grasshopper.pdf.PDFCucumberReport.createReport(PDFCucumberReport.java:120)
	at tech.grasshopper.pdf.extent.ExtentPDFCucumberReporter.flush(ExtentPDFCucumberReporter.java:81)
	at tech.grasshopper.pdf.extent.ExtentPDFCucumberReporter.access$100(ExtentPDFCucumberReporter.java:19)
	at tech.grasshopper.pdf.extent.ExtentPDFCucumberReporter$1.onNext(ExtentPDFCucumberReporter.java:56)
	at tech.grasshopper.pdf.extent.ExtentPDFCucumberReporter$1.onNext(ExtentPDFCucumberReporter.java:49)
	at io.reactivex.rxjava3.subjects.PublishSubject$PublishDisposable.onNext(PublishSubject.java:310)
	at io.reactivex.rxjava3.subjects.PublishSubject.onNext(PublishSubject.java:226)
	at com.aventstack.extentreports.ReactiveSubject.onFlush(ReactiveSubject.java:83)
	at com.aventstack.extentreports.AbstractProcessor.onFlush(AbstractProcessor.java:85)
	at com.aventstack.extentreports.ExtentReports.flush(ExtentReports.java:284)
	at com.aventstack.extentreports.cucumber.adapter.ExtentCucumberAdapter.finishReport(ExtentCucumberAdapter.java:300)
	at com.aventstack.extentreports.cucumber.adapter.ExtentCucumberAdapter.access$600(ExtentCucumberAdapter.java:62)
	at com.aventstack.extentreports.cucumber.adapter.ExtentCucumberAdapter$8.receive(ExtentCucumberAdapter.java:136)
	at com.aventstack.extentreports.cucumber.adapter.ExtentCucumberAdapter$8.receive(ExtentCucumberAdapter.java:133)
	at io.cucumber.core.eventbus.AbstractEventPublisher.send(AbstractEventPublisher.java:51)
	at io.cucumber.core.eventbus.AbstractEventBus.send(AbstractEventBus.java:12)
	at io.cucumber.core.runtime.SynchronizedEventBus.send(SynchronizedEventBus.java:47)
	at io.cucumber.core.runtime.CucumberExecutionContext.emitTestRunFinished(CucumberExecutionContext.java:90)
	at io.cucumber.core.runtime.CucumberExecutionContext.finishTestRun(CucumberExecutionContext.java:77)
	at io.cucumber.junit.Cucumber$FinishTestRun.evaluate(Cucumber.java:250)
	at org.junit.internal.runners.statements.RunBefores.evaluate(RunBefores.java:26)
	at org.junit.internal.runners.statements.RunAfters.evaluate(RunAfters.java:27)
	at org.junit.runners.ParentRunner$3.evaluate(ParentRunner.java:306)
	at org.junit.runners.ParentRunner.run(ParentRunner.java:413)
	at org.apache.maven.surefire.junit4.JUnit4Provider.execute(JUnit4Provider.java:364)
	at org.apache.maven.surefire.junit4.JUnit4Provider.executeWithRerun(JUnit4Provider.java:272)
	at org.apache.maven.surefire.junit4.JUnit4Provider.executeTestSet(JUnit4Provider.java:237)
	at org.apache.maven.surefire.junit4.JUnit4Provider.invoke(JUnit4Provider.java:158)
	at org.apache.maven.surefire.booter.ForkedBooter.runSuitesInProcess(ForkedBooter.java:428)
	at org.apache.maven.surefire.booter.ForkedBooter.execute(ForkedBooter.java:162)
	at org.apache.maven.surefire.booter.ForkedBooter.run(ForkedBooter.java:562)
	at org.apache.maven.surefire.booter.ForkedBooter.main(ForkedBooter.java:548)
Caused by: java.io.IOException: The TrueType font null does not contain a 'cmap' table
	at org.apache.fontbox.ttf.TrueTypeFont.getUnicodeCmapImpl(TrueTypeFont.java:561)
	at org.apache.fontbox.ttf.TrueTypeFont.getUnicodeCmapLookup(TrueTypeFont.java:541)
	at org.apache.fontbox.ttf.TrueTypeFont.getUnicodeCmapLookup(TrueTypeFont.java:527)
	at org.apache.fontbox.ttf.TTFSubsetter.<init>(TTFSubsetter.java:90)
	at org.apache.pdfbox.pdmodel.font.TrueTypeEmbedder.subset(TrueTypeEmbedder.java:346)
	at org.apache.pdfbox.pdmodel.font.PDType0Font.subset(PDType0Font.java:256)
	at org.apache.pdfbox.pdmodel.PDDocument.save(PDDocument.java:1349)
	at org.apache.pdfbox.pdmodel.PDDocument.save(PDDocument.java:1328)
	at tech.grasshopper.pdf.PDFCucumberReport.createReport(PDFCucumberReport.java:116)
	... 31 more

]]></system-err>
  </testcase>
</testsuite>